Using complement trick: generating 99-regular graph
Using complement trick: generating 98-regular graph
Using complement trick: generating 97-regular graph
Using complement trick: generating 96-regular graph
Using complement trick: generating 95-regular graph
Using complement trick: generating 94-regular graph
Using complement trick: generating 93-regular graph
Using complement trick: generating 92-regular graph
Using complement trick: generating 91-regular graph
Using complement trick: generating 90-regular graph
Using complement trick: generating 89-regular graph
Using complement trick: generating 88-regular graph
Using complement trick: generating 87-regular graph
Using complement trick: generating 86-regular graph
Using complement trick: generating 85-regular graph
Using complement trick: generating 84-regular graph
Using complement trick: generating 83-regular graph
Using complement trick: generating 82-regular graph
Using complement trick: generating 81-regular graph
Using complement trick: generating 80-regular graph
Using complement trick: generating 79-regular graph
Using complement trick: generating 78-regular graph
Using complement trick: generating 77-regular graph
Using complement trick: generating 76-regular graph
Using complement trick: generating 75-regular graph
Using complement trick: generating 74-regular graph
Using complement trick: generating 73-regular graph
Using complement trick: generating 72-regular graph
Using complement trick: generating 71-regular graph
Using complement trick: generating 70-regular graph
Using complement trick: generating 69-regular graph
Using complement trick: generating 68-regular graph
Using complement trick: generating 67-regular graph
Using complement trick: generating 66-regular graph
Using complement trick: generating 65-regular graph
Using complement trick: generating 64-regular graph
Using complement trick: generating 63-regular graph
Using complement trick: generating 62-regular graph
Using complement trick: generating 61-regular graph
Using complement trick: generating 60-regular graph
Using complement trick: generating 59-regular graph
Using complement trick: generating 58-regular graph
Using complement trick: generating 57-regular graph
Using complement trick: generating 56-regular graph
Using complement trick: generating 55-regular graph
Using complement trick: generating 54-regular graph
Using complement trick: generating 53-regular graph
Using complement trick: generating 52-regular graph
Using complement trick: generating 51-regular graph
Using complement trick: generating 50-regular graph
Using complement trick: generating 49-regular graph
Using complement trick: generating 48-regular graph
Using complement trick: generating 47-regular graph
Using complement trick: generating 46-regular graph
Using complement trick: generating 45-regular graph
Using complement trick: generating 44-regular graph
Using complement trick: generating 43-regular graph
Using complement trick: generating 42-regular graph
Using complement trick: generating 41-regular graph
Using complement trick: generating 40-regular graph
Using complement trick: generating 39-regular graph
Using complement trick: generating 38-regular graph
Using complement trick: generating 37-regular graph
Using complement trick: generating 36-regular graph
Using complement trick: generating 35-regular graph
Using complement trick: generating 34-regular graph
Using complement trick: generating 33-regular graph
Using complement trick: generating 32-regular graph
Using complement trick: generating 31-regular graph
Using complement trick: generating 30-regular graph
Using complement trick: generating 29-regular graph
Using complement trick: generating 28-regular graph
Using complement trick: generating 27-regular graph
Using complement trick: generating 26-regular graph
Using complement trick: generating 25-regular graph
Using complement trick: generating 24-regular graph
Using complement trick: generating 23-regular graph
Using complement trick: generating 22-regular graph
Using complement trick: generating 21-regular graph
Using complement trick: generating 20-regular graph
Using complement trick: generating 19-regular graph
Using complement trick: generating 18-regular graph
Using complement trick: generating 17-regular graph
Using complement trick: generating 16-regular graph
Using complement trick: generating 15-regular graph
Using complement trick: generating 14-regular graph
Using complement trick: generating 13-regular graph
Using complement trick: generating 12-regular graph
Using complement trick: generating 11-regular graph
Using complement trick: generating 10-regular graph
Using complement trick: generating 9-regular graph
Using complement trick: generating 8-regular graph
Using complement trick: generating 7-regular graph
Using complement trick: generating 6-regular graph
Using complement trick: generating 5-regular graph
Using complement trick: generating 4-regular graph
Using complement trick: generating 3-regular graph
Using complement trick: generating 2-regular graph
[[2.00000000e+00 6.92487956e-01 3.07512044e-01 5.84606409e-01]
 [3.00000000e+00 8.87962219e-01 1.12037781e-01 6.09258084e-01]
 [4.00000000e+00 7.77066868e-01 2.22933132e-01 4.11260546e-01]
 [5.00000000e+00 6.32950527e-01 3.67049473e-01 2.45093868e-01]
 [6.00000000e+00 5.31336094e-01 4.68663906e-01 1.53174478e-01]
 [7.00000000e+00 4.64606429e-01 5.35393571e-01 1.02090202e-01]
 [8.00000000e+00 4.25616543e-01 5.74383457e-01 7.41932869e-02]
 [9.00000000e+00 3.87550410e-01 6.12449590e-01 5.50376080e-02]
 [1.00000000e+01 3.75990693e-01 6.24009307e-01 4.54553600e-02]
 [1.10000000e+01 3.58540499e-01 6.41459501e-01 3.63491000e-02]
 [1.20000000e+01 3.42190893e-01 6.57809107e-01 3.04066509e-02]
 [1.30000000e+01 3.35620936e-01 6.64379064e-01 2.69122036e-02]
 [1.40000000e+01 3.33573820e-01 6.66426180e-01 2.45130271e-02]
 [1.50000000e+01 3.25208910e-01 6.74791090e-01 2.15862257e-02]
 [1.60000000e+01 3.19072416e-01 6.80927584e-01 1.96110248e-02]
 [1.70000000e+01 3.08752674e-01 6.91247326e-01 1.68834469e-02]
 [1.80000000e+01 3.13444968e-01 6.86555032e-01 1.64608206e-02]
 [1.90000000e+01 3.04633032e-01 6.95366968e-01 1.45559636e-02]
 [2.00000000e+01 3.04918679e-01 6.95081321e-01 1.35787909e-02]
 [2.10000000e+01 3.03832437e-01 6.96167563e-01 1.29547406e-02]
 [2.20000000e+01 2.95184285e-01 7.04815715e-01 1.20945289e-02]
 [2.30000000e+01 2.96989125e-01 7.03010875e-01 1.21648235e-02]
 [2.40000000e+01 2.99499259e-01 7.00500741e-01 1.13875056e-02]
 [2.50000000e+01 2.94787546e-01 7.05212454e-01 1.08308944e-02]
 [2.60000000e+01 2.91388116e-01 7.08611884e-01 1.02208823e-02]
 [2.70000000e+01 2.92766416e-01 7.07233584e-01 1.00164807e-02]
 [2.80000000e+01 2.84068883e-01 7.15931117e-01 9.01261614e-03]
 [2.90000000e+01 2.93210874e-01 7.06789126e-01 9.24006675e-03]
 [3.00000000e+01 2.85050239e-01 7.14949761e-01 8.72541362e-03]
 [3.10000000e+01 2.88630790e-01 7.11369210e-01 8.56738615e-03]
 [3.20000000e+01 2.90818563e-01 7.09181437e-01 8.35687143e-03]
 [3.30000000e+01 2.87608994e-01 7.12391006e-01 8.04011145e-03]
 [3.40000000e+01 2.90874269e-01 7.09125731e-01 7.81681649e-03]
 [3.50000000e+01 2.85086276e-01 7.14913724e-01 7.74382266e-03]
 [3.60000000e+01 2.87740866e-01 7.12259134e-01 7.40662051e-03]
 [3.70000000e+01 2.83954775e-01 7.16045225e-01 7.57107177e-03]
 [3.80000000e+01 2.82755526e-01 7.17244474e-01 7.10839088e-03]
 [3.90000000e+01 2.83740862e-01 7.16259138e-01 7.15545623e-03]
 [4.00000000e+01 2.81057436e-01 7.18942564e-01 6.66228085e-03]
 [4.10000000e+01 2.82274264e-01 7.17725736e-01 6.39258175e-03]
 [4.20000000e+01 2.86212444e-01 7.13787556e-01 6.49009854e-03]
 [4.30000000e+01 2.82255817e-01 7.17744183e-01 6.35887680e-03]
 [4.40000000e+01 2.79091164e-01 7.20908836e-01 5.86609405e-03]
 [4.50000000e+01 2.79935864e-01 7.20064136e-01 5.63789480e-03]
 [4.60000000e+01 2.77813261e-01 7.22186739e-01 5.73077957e-03]
 [4.70000000e+01 2.82839437e-01 7.17160563e-01 6.14669925e-03]
 [4.80000000e+01 2.80165690e-01 7.19834310e-01 5.91901283e-03]
 [4.90000000e+01 2.78071448e-01 7.21928552e-01 5.49426285e-03]
 [5.00000000e+01 2.77997458e-01 7.22002542e-01 5.41389046e-03]
 [5.10000000e+01 2.81114173e-01 7.18885827e-01 5.73849620e-03]
 [5.20000000e+01 2.79476305e-01 7.20523695e-01 5.09416314e-03]
 [5.30000000e+01 2.79704754e-01 7.20295246e-01 5.52200143e-03]
 [5.40000000e+01 2.79225155e-01 7.20774845e-01 5.54791445e-03]
 [5.50000000e+01 2.76785724e-01 7.23214276e-01 5.22325128e-03]
 [5.60000000e+01 2.82985911e-01 7.17014089e-01 5.14085262e-03]
 [5.70000000e+01 2.77554975e-01 7.22445025e-01 4.84479832e-03]
 [5.80000000e+01 2.77600162e-01 7.22399838e-01 5.09350159e-03]
 [5.90000000e+01 2.76139969e-01 7.23860031e-01 4.68239664e-03]
 [6.00000000e+01 2.75518788e-01 7.24481212e-01 4.77343425e-03]
 [6.10000000e+01 2.75018975e-01 7.24981025e-01 4.68784198e-03]
 [6.20000000e+01 2.76606132e-01 7.23393868e-01 4.72162730e-03]
 [6.30000000e+01 2.74700505e-01 7.25299495e-01 4.81014501e-03]
 [6.40000000e+01 2.72558777e-01 7.27441223e-01 4.30440261e-03]
 [6.50000000e+01 2.78116420e-01 7.21883580e-01 4.35056458e-03]
 [6.60000000e+01 2.78415634e-01 7.21584366e-01 4.64194899e-03]
 [6.70000000e+01 2.76172203e-01 7.23827797e-01 4.67055486e-03]
 [6.80000000e+01 2.75588791e-01 7.24411209e-01 4.44840081e-03]
 [6.90000000e+01 2.72845108e-01 7.27154892e-01 4.21175749e-03]
 [7.00000000e+01 2.75055486e-01 7.24944514e-01 4.34956708e-03]
 [7.10000000e+01 2.74920797e-01 7.25079203e-01 4.19685252e-03]
 [7.20000000e+01 2.75941486e-01 7.24058514e-01 4.10047298e-03]
 [7.30000000e+01 2.75215596e-01 7.24784404e-01 4.09408351e-03]
 [7.40000000e+01 2.76026495e-01 7.23973505e-01 4.38108817e-03]
 [7.50000000e+01 2.75749267e-01 7.24250733e-01 4.28542986e-03]
 [7.60000000e+01 2.73540719e-01 7.26459281e-01 4.05617807e-03]
 [7.70000000e+01 2.73063356e-01 7.26936644e-01 3.92829560e-03]
 [7.80000000e+01 2.80476255e-01 7.19523745e-01 4.26927458e-03]
 [7.90000000e+01 2.70370089e-01 7.29629911e-01 3.87001575e-03]
 [8.00000000e+01 2.72098636e-01 7.27901364e-01 4.03432691e-03]
 [8.10000000e+01 2.78063862e-01 7.21936138e-01 4.26103162e-03]
 [8.20000000e+01 2.75871684e-01 7.24128316e-01 3.82855853e-03]
 [8.30000000e+01 2.76723394e-01 7.23276606e-01 4.07158592e-03]
 [8.40000000e+01 2.69975941e-01 7.30024059e-01 3.65533092e-03]
 [8.50000000e+01 2.74106265e-01 7.25893735e-01 3.94293384e-03]
 [8.60000000e+01 2.72380896e-01 7.27619104e-01 3.66734799e-03]
 [8.70000000e+01 2.71789593e-01 7.28210407e-01 3.80615816e-03]
 [8.80000000e+01 2.75672947e-01 7.24327053e-01 3.98163433e-03]
 [8.90000000e+01 2.72290637e-01 7.27709363e-01 3.91687554e-03]
 [9.00000000e+01 2.70597280e-01 7.29402720e-01 3.45973959e-03]
 [9.10000000e+01 2.70744457e-01 7.29255543e-01 3.42297205e-03]
 [9.20000000e+01 2.72633823e-01 7.27366177e-01 3.93126486e-03]
 [9.30000000e+01 2.71393269e-01 7.28606731e-01 3.51848824e-03]
 [9.40000000e+01 2.69669465e-01 7.30330535e-01 3.68983576e-03]
 [9.50000000e+01 2.74865521e-01 7.25134479e-01 3.71538202e-03]
 [9.60000000e+01 2.69043700e-01 7.30956300e-01 3.40263143e-03]
 [9.70000000e+01 2.71452868e-01 7.28547132e-01 3.60924167e-03]
 [9.80000000e+01 2.74996875e-01 7.25003125e-01 3.74070382e-03]
 [9.90000000e+01 2.67554337e-01 7.32445663e-01 3.33276928e-03]
 [1.00000000e+02 2.75710835e-01 7.24289165e-01 3.51780048e-03]
 [1.01000000e+02 2.74540877e-01 7.25459123e-01 3.47284770e-03]
 [1.02000000e+02 2.69612327e-01 7.30387673e-01 3.36035166e-03]
 [1.03000000e+02 2.67611135e-01 7.32388865e-01 3.36493121e-03]
 [1.04000000e+02 2.72040191e-01 7.27959809e-01 3.46367033e-03]
 [1.05000000e+02 2.70451448e-01 7.29548552e-01 3.34604628e-03]
 [1.06000000e+02 2.70938658e-01 7.29061342e-01 3.33463931e-03]
 [1.07000000e+02 2.77594731e-01 7.22405269e-01 3.65107185e-03]
 [1.08000000e+02 2.72600791e-01 7.27399209e-01 3.29012698e-03]
 [1.09000000e+02 2.69044119e-01 7.30955881e-01 3.42396130e-03]
 [1.10000000e+02 2.67353724e-01 7.32646276e-01 3.26768674e-03]
 [1.11000000e+02 2.68893656e-01 7.31106344e-01 3.17368924e-03]
 [1.12000000e+02 2.69223635e-01 7.30776365e-01 3.15743644e-03]
 [1.13000000e+02 2.68933466e-01 7.31066534e-01 3.42355223e-03]
 [1.14000000e+02 2.69702790e-01 7.30297210e-01 3.29708242e-03]
 [1.15000000e+02 2.74163021e-01 7.25836979e-01 3.45140773e-03]
 [1.16000000e+02 2.66680344e-01 7.33319656e-01 3.08104487e-03]
 [1.17000000e+02 2.74983820e-01 7.25016180e-01 3.39584342e-03]
 [1.18000000e+02 2.66098254e-01 7.33901746e-01 3.12707556e-03]
 [1.19000000e+02 2.68847349e-01 7.31152651e-01 3.04755494e-03]
 [1.20000000e+02 2.70752879e-01 7.29247121e-01 3.39398544e-03]
 [1.21000000e+02 2.71119287e-01 7.28880713e-01 3.05686360e-03]
 [1.22000000e+02 2.67179938e-01 7.32820062e-01 3.05599445e-03]
 [1.23000000e+02 2.66990281e-01 7.33009719e-01 3.22643738e-03]
 [1.24000000e+02 2.72270608e-01 7.27729392e-01 3.06921293e-03]
 [1.25000000e+02 2.69063761e-01 7.30936239e-01 3.13847736e-03]
 [1.26000000e+02 2.74345527e-01 7.25654473e-01 3.40472867e-03]
 [1.27000000e+02 2.69052445e-01 7.30947555e-01 3.16786423e-03]
 [1.28000000e+02 2.68506119e-01 7.31493881e-01 2.84659953e-03]
 [1.29000000e+02 2.68190844e-01 7.31809156e-01 3.02693512e-03]
 [1.30000000e+02 2.72950395e-01 7.27049605e-01 3.22193682e-03]
 [1.31000000e+02 2.70159377e-01 7.29840623e-01 3.11355235e-03]
 [1.32000000e+02 2.70731171e-01 7.29268829e-01 3.19127347e-03]
 [1.33000000e+02 2.70702169e-01 7.29297831e-01 3.10481824e-03]
 [1.34000000e+02 2.70474000e-01 7.29526000e-01 2.92696924e-03]
 [1.35000000e+02 2.70600246e-01 7.29399754e-01 3.19492413e-03]
 [1.36000000e+02 2.73728391e-01 7.26271609e-01 3.17860419e-03]
 [1.37000000e+02 2.70680829e-01 7.29319171e-01 3.08654135e-03]
 [1.38000000e+02 2.76020669e-01 7.23979331e-01 3.08693997e-03]
 [1.39000000e+02 2.73135375e-01 7.26864625e-01 2.99885201e-03]
 [1.40000000e+02 2.71988293e-01 7.28011707e-01 3.22879081e-03]
 [1.41000000e+02 2.68582128e-01 7.31417872e-01 3.04664670e-03]
 [1.42000000e+02 2.69850465e-01 7.30149535e-01 2.99702022e-03]
 [1.43000000e+02 2.68080259e-01 7.31919741e-01 2.93006144e-03]
 [1.44000000e+02 2.64361255e-01 7.35638745e-01 2.76799023e-03]
 [1.45000000e+02 2.68084737e-01 7.31915263e-01 2.99909198e-03]
 [1.46000000e+02 2.69738920e-01 7.30261080e-01 3.04274785e-03]
 [1.47000000e+02 2.72086883e-01 7.27913117e-01 2.85105288e-03]
 [1.48000000e+02 2.72978712e-01 7.27021288e-01 3.14456896e-03]
 [1.49000000e+02 2.71919795e-01 7.28080205e-01 3.05865528e-03]
 [1.50000000e+02 2.69475278e-01 7.30524722e-01 2.84668016e-03]
 [1.51000000e+02 2.68445522e-01 7.31554478e-01 2.84366365e-03]
 [1.52000000e+02 2.66972317e-01 7.33027683e-01 2.70414321e-03]
 [1.53000000e+02 2.71273171e-01 7.28726829e-01 2.93737558e-03]
 [1.54000000e+02 2.70140063e-01 7.29859937e-01 2.88515677e-03]
 [1.55000000e+02 2.70242112e-01 7.29757888e-01 2.72194560e-03]
 [1.56000000e+02 2.70795218e-01 7.29204782e-01 2.93880622e-03]
 [1.57000000e+02 2.69035258e-01 7.30964742e-01 2.77264497e-03]
 [1.58000000e+02 2.67432262e-01 7.32567738e-01 2.71362971e-03]
 [1.59000000e+02 2.66371789e-01 7.33628211e-01 2.91388133e-03]
 [1.60000000e+02 2.67109290e-01 7.32890710e-01 2.84880794e-03]
 [1.61000000e+02 2.72024283e-01 7.27975717e-01 2.76934265e-03]
 [1.62000000e+02 2.69984395e-01 7.30015605e-01 2.78818789e-03]
 [1.63000000e+02 2.67844571e-01 7.32155429e-01 2.75480726e-03]
 [1.64000000e+02 2.69065082e-01 7.30934918e-01 2.91142304e-03]
 [1.65000000e+02 2.69786355e-01 7.30213645e-01 2.88260901e-03]
 [1.66000000e+02 2.66278418e-01 7.33721582e-01 2.74785767e-03]
 [1.67000000e+02 2.67703895e-01 7.32296105e-01 2.66717388e-03]
 [1.68000000e+02 2.70647981e-01 7.29352019e-01 3.09895396e-03]
 [1.69000000e+02 2.64525813e-01 7.35474187e-01 2.79104896e-03]
 [1.70000000e+02 2.66927108e-01 7.33072892e-01 2.55668100e-03]
 [1.71000000e+02 2.64600219e-01 7.35399781e-01 2.55907046e-03]
 [1.72000000e+02 2.70761860e-01 7.29238140e-01 2.95386869e-03]
 [1.73000000e+02 2.66931319e-01 7.33068681e-01 2.58405370e-03]
 [1.74000000e+02 2.66580286e-01 7.33419714e-01 2.71003657e-03]
 [1.75000000e+02 2.71265156e-01 7.28734844e-01 2.77587004e-03]
 [1.76000000e+02 2.72685305e-01 7.27314695e-01 2.66172810e-03]
 [1.77000000e+02 2.69356499e-01 7.30643501e-01 2.77549976e-03]
 [1.78000000e+02 2.70168788e-01 7.29831212e-01 2.85757942e-03]
 [1.79000000e+02 2.67137328e-01 7.32862672e-01 2.81321543e-03]
 [1.80000000e+02 2.65775985e-01 7.34224015e-01 2.74902012e-03]
 [1.81000000e+02 2.61600840e-01 7.38399160e-01 2.49357609e-03]
 [1.82000000e+02 2.74841715e-01 7.25158285e-01 2.84321684e-03]
 [1.83000000e+02 2.65970522e-01 7.34029478e-01 2.61627365e-03]
 [1.84000000e+02 2.68979969e-01 7.31020031e-01 2.46771672e-03]
 [1.85000000e+02 2.68108855e-01 7.31891145e-01 2.72466878e-03]
 [1.86000000e+02 2.73952062e-01 7.26047938e-01 2.70132652e-03]
 [1.87000000e+02 2.70972530e-01 7.29027470e-01 2.84990000e-03]
 [1.88000000e+02 2.71013171e-01 7.28986829e-01 2.78812935e-03]
 [1.89000000e+02 2.66766969e-01 7.33233031e-01 2.63693270e-03]
 [1.90000000e+02 2.67807586e-01 7.32192414e-01 2.61183929e-03]
 [1.91000000e+02 2.71189960e-01 7.28810040e-01 2.90705031e-03]
 [1.92000000e+02 2.72151159e-01 7.27848841e-01 2.73779280e-03]
 [1.93000000e+02 2.65552201e-01 7.34447799e-01 2.58869630e-03]
 [1.94000000e+02 2.71997742e-01 7.28002258e-01 2.70503991e-03]
 [1.95000000e+02 2.67717862e-01 7.32282138e-01 2.60103888e-03]
 [1.96000000e+02 2.66429673e-01 7.33570327e-01 2.39471703e-03]
 [1.97000000e+02 2.70996036e-01 7.29003964e-01 2.70920497e-03]
 [1.98000000e+02 2.64935657e-01 7.35064343e-01 2.40953824e-03]
 [1.99000000e+02 2.72234349e-01 7.27765651e-01 2.57666632e-03]]
Runtime: 217699.391063 seconds
